Connecting to database specified by database.yml
Compiled jquery.js  (5ms)  (pid 21170)
Compiled jquery_ujs.js  (0ms)  (pid 21170)
Compiled bootstrap-transition.js  (1ms)  (pid 21170)
Compiled bootstrap-affix.js  (0ms)  (pid 21170)
Compiled bootstrap-alert.js  (0ms)  (pid 21170)
Compiled bootstrap-button.js  (0ms)  (pid 21170)
Compiled bootstrap-carousel.js  (0ms)  (pid 21170)
Compiled bootstrap-collapse.js  (0ms)  (pid 21170)
Compiled bootstrap-dropdown.js  (0ms)  (pid 21170)
Compiled bootstrap-modal.js  (0ms)  (pid 21170)
Compiled bootstrap-scrollspy.js  (0ms)  (pid 21170)
Compiled bootstrap-tab.js  (0ms)  (pid 21170)
Compiled bootstrap-tooltip.js  (1ms)  (pid 21170)
Compiled bootstrap-popover.js  (0ms)  (pid 21170)
Compiled bootstrap-typeahead.js  (0ms)  (pid 21170)
Compiled bootstrap.js  (159ms)  (pid 21170)
Compiled home.js  (180ms)  (pid 21170)
Compiled application.js  (375ms)  (pid 21170)
Compiled bootstrap_and_overrides.css  (2840ms)  (pid 21170)
Compiled home.css  (1ms)  (pid 21170)
Compiled application.css  (2879ms)  (pid 21170)
Connecting to database specified by database.yml
Compiled jquery.js  (5ms)  (pid 21170)
Compiled jquery_ujs.js  (0ms)  (pid 21170)
Compiled bootstrap-transition.js  (0ms)  (pid 21170)
Compiled bootstrap-affix.js  (0ms)  (pid 21170)
Compiled bootstrap-alert.js  (0ms)  (pid 21170)
Compiled bootstrap-button.js  (0ms)  (pid 21170)
Compiled bootstrap-carousel.js  (0ms)  (pid 21170)
Compiled bootstrap-collapse.js  (0ms)  (pid 21170)
Compiled bootstrap-dropdown.js  (0ms)  (pid 21170)
Compiled bootstrap-modal.js  (0ms)  (pid 21170)
Compiled bootstrap-scrollspy.js  (0ms)  (pid 21170)
Compiled bootstrap-tab.js  (0ms)  (pid 21170)
Compiled bootstrap-tooltip.js  (0ms)  (pid 21170)
Compiled bootstrap-popover.js  (0ms)  (pid 21170)
Compiled bootstrap-typeahead.js  (1ms)  (pid 21170)
Compiled bootstrap.js  (124ms)  (pid 21170)
Compiled home.js  (112ms)  (pid 21170)
Compiled application.js  (276ms)  (pid 21170)
Compiled bootstrap_and_overrides.css  (2805ms)  (pid 21170)
Compiled home.css  (1ms)  (pid 21170)
Compiled application.css  (2845ms)  (pid 21170)
Connecting to database specified by database.yml
Compiled jquery.js  (5ms)  (pid 25085)
Compiled jquery_ujs.js  (0ms)  (pid 25085)
Compiled bootstrap-transition.js  (0ms)  (pid 25085)
Compiled bootstrap-affix.js  (0ms)  (pid 25085)
Compiled bootstrap-alert.js  (0ms)  (pid 25085)
Compiled bootstrap-button.js  (0ms)  (pid 25085)
Compiled bootstrap-carousel.js  (0ms)  (pid 25085)
Compiled bootstrap-collapse.js  (0ms)  (pid 25085)
Compiled bootstrap-dropdown.js  (0ms)  (pid 25085)
Compiled bootstrap-modal.js  (0ms)  (pid 25085)
Compiled bootstrap-scrollspy.js  (0ms)  (pid 25085)
Compiled bootstrap-tab.js  (0ms)  (pid 25085)
Compiled bootstrap-tooltip.js  (0ms)  (pid 25085)
Compiled bootstrap-popover.js  (0ms)  (pid 25085)
Compiled bootstrap-typeahead.js  (0ms)  (pid 25085)
Compiled bootstrap.js  (89ms)  (pid 25085)
Compiled home.js  (191ms)  (pid 25085)
Compiled application.js  (357ms)  (pid 25085)
Compiled bootstrap_and_overrides.css  (3270ms)  (pid 25085)
Compiled home.css  (1ms)  (pid 25085)
Compiled application.css  (3305ms)  (pid 25085)
Connecting to database specified by database.yml
Compiled jquery.js  (5ms)  (pid 25085)
Compiled jquery_ujs.js  (0ms)  (pid 25085)
Compiled bootstrap-transition.js  (0ms)  (pid 25085)
Compiled bootstrap-affix.js  (0ms)  (pid 25085)
Compiled bootstrap-alert.js  (0ms)  (pid 25085)
Compiled bootstrap-button.js  (0ms)  (pid 25085)
Compiled bootstrap-carousel.js  (0ms)  (pid 25085)
Compiled bootstrap-collapse.js  (0ms)  (pid 25085)
Compiled bootstrap-dropdown.js  (0ms)  (pid 25085)
Compiled bootstrap-modal.js  (0ms)  (pid 25085)
Compiled bootstrap-scrollspy.js  (0ms)  (pid 25085)
Compiled bootstrap-tab.js  (0ms)  (pid 25085)
Compiled bootstrap-tooltip.js  (0ms)  (pid 25085)
Compiled bootstrap-popover.js  (0ms)  (pid 25085)
Compiled bootstrap-typeahead.js  (0ms)  (pid 25085)
Compiled bootstrap.js  (111ms)  (pid 25085)
Compiled home.js  (105ms)  (pid 25085)
Compiled application.js  (319ms)  (pid 25085)
Compiled bootstrap_and_overrides.css  (2819ms)  (pid 25085)
Compiled home.css  (2ms)  (pid 25085)
Compiled application.css  (2855ms)  (pid 25085)
Compiled jquery.js  (5ms)  (pid 27717)
Compiled jquery_ujs.js  (0ms)  (pid 27717)
Compiled bootstrap-transition.js  (0ms)  (pid 27717)
Compiled bootstrap-affix.js  (0ms)  (pid 27717)
Compiled bootstrap-alert.js  (0ms)  (pid 27717)
Compiled bootstrap-button.js  (0ms)  (pid 27717)
Compiled bootstrap-carousel.js  (0ms)  (pid 27717)
Compiled bootstrap-collapse.js  (0ms)  (pid 27717)
Compiled bootstrap-dropdown.js  (0ms)  (pid 27717)
Compiled bootstrap-modal.js  (0ms)  (pid 27717)
Compiled bootstrap-scrollspy.js  (0ms)  (pid 27717)
Compiled bootstrap-tab.js  (0ms)  (pid 27717)
Compiled bootstrap-tooltip.js  (0ms)  (pid 27717)
Compiled bootstrap-popover.js  (0ms)  (pid 27717)
Compiled bootstrap-typeahead.js  (0ms)  (pid 27717)
Compiled bootstrap.js  (197ms)  (pid 27717)
Compiled home.js  (195ms)  (pid 27717)
Compiled application.js  (432ms)  (pid 27717)
Compiled bootstrap_and_overrides.css  (2668ms)  (pid 27717)
Compiled home.css  (1ms)  (pid 27717)
Compiled application.css  (2705ms)  (pid 27717)
Compiled jquery.js  (5ms)  (pid 27717)
Compiled jquery_ujs.js  (0ms)  (pid 27717)
Compiled bootstrap-transition.js  (0ms)  (pid 27717)
Compiled bootstrap-affix.js  (0ms)  (pid 27717)
Compiled bootstrap-alert.js  (0ms)  (pid 27717)
Compiled bootstrap-button.js  (0ms)  (pid 27717)
Compiled bootstrap-carousel.js  (0ms)  (pid 27717)
Compiled bootstrap-collapse.js  (0ms)  (pid 27717)
Compiled bootstrap-dropdown.js  (0ms)  (pid 27717)
Compiled bootstrap-modal.js  (0ms)  (pid 27717)
Compiled bootstrap-scrollspy.js  (1ms)  (pid 27717)
Compiled bootstrap-tab.js  (0ms)  (pid 27717)
Compiled bootstrap-tooltip.js  (0ms)  (pid 27717)
Compiled bootstrap-popover.js  (0ms)  (pid 27717)
Compiled bootstrap-typeahead.js  (0ms)  (pid 27717)
Compiled bootstrap.js  (208ms)  (pid 27717)
Compiled home.js  (158ms)  (pid 27717)
Compiled application.js  (414ms)  (pid 27717)
Compiled bootstrap_and_overrides.css  (3060ms)  (pid 27717)
Compiled home.css  (1ms)  (pid 27717)
Compiled application.css  (3094ms)  (pid 27717)
Compiled jquery.js  (5ms)  (pid 27950)
Compiled jquery_ujs.js  (0ms)  (pid 27950)
Compiled bootstrap-transition.js  (0ms)  (pid 27950)
Compiled bootstrap-affix.js  (0ms)  (pid 27950)
Compiled bootstrap-alert.js  (0ms)  (pid 27950)
Compiled bootstrap-button.js  (0ms)  (pid 27950)
Compiled bootstrap-carousel.js  (0ms)  (pid 27950)
Compiled bootstrap-collapse.js  (0ms)  (pid 27950)
Compiled bootstrap-dropdown.js  (0ms)  (pid 27950)
Compiled bootstrap-modal.js  (0ms)  (pid 27950)
Compiled bootstrap-scrollspy.js  (0ms)  (pid 27950)
Compiled bootstrap-tab.js  (0ms)  (pid 27950)
Compiled bootstrap-tooltip.js  (0ms)  (pid 27950)
Compiled bootstrap-popover.js  (0ms)  (pid 27950)
Compiled bootstrap-typeahead.js  (0ms)  (pid 27950)
Compiled bootstrap.js  (185ms)  (pid 27950)
Compiled home.js  (171ms)  (pid 27950)
Compiled application.js  (394ms)  (pid 27950)
Compiled bootstrap_and_overrides.css  (2634ms)  (pid 27950)
Compiled home.css  (1ms)  (pid 27950)
Compiled application.css  (2673ms)  (pid 27950)
Compiled jquery.js  (5ms)  (pid 27950)
Compiled jquery_ujs.js  (0ms)  (pid 27950)
Compiled bootstrap-transition.js  (0ms)  (pid 27950)
Compiled bootstrap-affix.js  (0ms)  (pid 27950)
Compiled bootstrap-alert.js  (0ms)  (pid 27950)
Compiled bootstrap-button.js  (0ms)  (pid 27950)
Compiled bootstrap-carousel.js  (0ms)  (pid 27950)
Compiled bootstrap-collapse.js  (0ms)  (pid 27950)
Compiled bootstrap-dropdown.js  (0ms)  (pid 27950)
Compiled bootstrap-modal.js  (0ms)  (pid 27950)
Compiled bootstrap-scrollspy.js  (2ms)  (pid 27950)
Compiled bootstrap-tab.js  (0ms)  (pid 27950)
Compiled bootstrap-tooltip.js  (0ms)  (pid 27950)
Compiled bootstrap-popover.js  (0ms)  (pid 27950)
Compiled bootstrap-typeahead.js  (0ms)  (pid 27950)
Compiled bootstrap.js  (244ms)  (pid 27950)
Compiled home.js  (129ms)  (pid 27950)
Compiled application.js  (423ms)  (pid 27950)
Compiled bootstrap_and_overrides.css  (3384ms)  (pid 27950)
Compiled home.css  (1ms)  (pid 27950)
Compiled application.css  (3424ms)  (pid 27950)
Compiled jquery.js  (5ms)  (pid 27986)
Compiled jquery_ujs.js  (1ms)  (pid 27986)
Compiled bootstrap-transition.js  (0ms)  (pid 27986)
Compiled bootstrap-affix.js  (0ms)  (pid 27986)
Compiled bootstrap-alert.js  (0ms)  (pid 27986)
Compiled bootstrap-button.js  (0ms)  (pid 27986)
Compiled bootstrap-carousel.js  (0ms)  (pid 27986)
Compiled bootstrap-collapse.js  (0ms)  (pid 27986)
Compiled bootstrap-dropdown.js  (59ms)  (pid 27986)
Compiled bootstrap-modal.js  (0ms)  (pid 27986)
Compiled bootstrap-scrollspy.js  (4ms)  (pid 27986)
Compiled bootstrap-tab.js  (0ms)  (pid 27986)
Compiled bootstrap-tooltip.js  (0ms)  (pid 27986)
Compiled bootstrap-popover.js  (0ms)  (pid 27986)
Compiled bootstrap-typeahead.js  (0ms)  (pid 27986)
Compiled bootstrap.js  (210ms)  (pid 27986)
Compiled home.js  (127ms)  (pid 27986)
Compiled application.js  (409ms)  (pid 27986)
Compiled bootstrap_and_overrides.css  (4330ms)  (pid 27986)
Compiled home.css  (1ms)  (pid 27986)
Compiled application.css  (4366ms)  (pid 27986)
Compiled jquery.js  (5ms)  (pid 27986)
Compiled jquery_ujs.js  (0ms)  (pid 27986)
Compiled bootstrap-transition.js  (0ms)  (pid 27986)
Compiled bootstrap-affix.js  (0ms)  (pid 27986)
Compiled bootstrap-alert.js  (0ms)  (pid 27986)
Compiled bootstrap-button.js  (0ms)  (pid 27986)
Compiled bootstrap-carousel.js  (0ms)  (pid 27986)
Compiled bootstrap-collapse.js  (0ms)  (pid 27986)
Compiled bootstrap-dropdown.js  (0ms)  (pid 27986)
Compiled bootstrap-modal.js  (0ms)  (pid 27986)
Compiled bootstrap-scrollspy.js  (0ms)  (pid 27986)
Compiled bootstrap-tab.js  (0ms)  (pid 27986)
Compiled bootstrap-tooltip.js  (3ms)  (pid 27986)
Compiled bootstrap-popover.js  (0ms)  (pid 27986)
Compiled bootstrap-typeahead.js  (0ms)  (pid 27986)
Compiled bootstrap.js  (184ms)  (pid 27986)
Compiled home.js  (124ms)  (pid 27986)
Compiled application.js  (346ms)  (pid 27986)
Compiled bootstrap_and_overrides.css  (4101ms)  (pid 27986)
Compiled home.css  (1ms)  (pid 27986)
Compiled application.css  (4171ms)  (pid 27986)
Compiled jquery.js  (7ms)  (pid 28241)
Compiled jquery_ujs.js  (0ms)  (pid 28241)
Compiled bootstrap-transition.js  (0ms)  (pid 28241)
Compiled bootstrap-affix.js  (0ms)  (pid 28241)
Compiled bootstrap-alert.js  (0ms)  (pid 28241)
Compiled bootstrap-button.js  (0ms)  (pid 28241)
Compiled bootstrap-carousel.js  (0ms)  (pid 28241)
Compiled bootstrap-collapse.js  (0ms)  (pid 28241)
Compiled bootstrap-dropdown.js  (0ms)  (pid 28241)
Compiled bootstrap-modal.js  (0ms)  (pid 28241)
Compiled bootstrap-scrollspy.js  (0ms)  (pid 28241)
Compiled bootstrap-tab.js  (0ms)  (pid 28241)
Compiled bootstrap-tooltip.js  (0ms)  (pid 28241)
Compiled bootstrap-popover.js  (3ms)  (pid 28241)
Compiled bootstrap-typeahead.js  (0ms)  (pid 28241)
Compiled bootstrap.js  (195ms)  (pid 28241)
Compiled home.js  (203ms)  (pid 28241)
Compiled application.js  (449ms)  (pid 28241)
Compiled bootstrap_and_overrides.css  (2654ms)  (pid 28241)
Compiled home.css  (1ms)  (pid 28241)
Compiled application.css  (2689ms)  (pid 28241)
Compiled jquery.js  (7ms)  (pid 28241)
Compiled jquery_ujs.js  (0ms)  (pid 28241)
Compiled bootstrap-transition.js  (0ms)  (pid 28241)
Compiled bootstrap-affix.js  (0ms)  (pid 28241)
Compiled bootstrap-alert.js  (0ms)  (pid 28241)
Compiled bootstrap-button.js  (0ms)  (pid 28241)
Compiled bootstrap-carousel.js  (0ms)  (pid 28241)
Compiled bootstrap-collapse.js  (0ms)  (pid 28241)
Compiled bootstrap-dropdown.js  (0ms)  (pid 28241)
Compiled bootstrap-modal.js  (0ms)  (pid 28241)
Compiled bootstrap-scrollspy.js  (0ms)  (pid 28241)
Compiled bootstrap-tab.js  (0ms)  (pid 28241)
Compiled bootstrap-tooltip.js  (0ms)  (pid 28241)
Compiled bootstrap-popover.js  (0ms)  (pid 28241)
Compiled bootstrap-typeahead.js  (0ms)  (pid 28241)
Compiled bootstrap.js  (181ms)  (pid 28241)
Compiled home.js  (109ms)  (pid 28241)
Compiled application.js  (335ms)  (pid 28241)
Compiled bootstrap_and_overrides.css  (2650ms)  (pid 28241)
Compiled home.css  (1ms)  (pid 28241)
Compiled application.css  (2683ms)  (pid 28241)
